
61. Printing statistics.

=== hetero_4core_top ===

   Number of wires:              37800
   Number of wire bits:          37815
   Number of public wires:        9558
   Number of public wire bits:    9573
   Number of memories:               0
   Number of memory bits:            0
   Number of processes:              0
   Number of cells:              37797
     sky130_fd_sc_hd__a2111o_2       8
     sky130_fd_sc_hd__a211o_2      268
     sky130_fd_sc_hd__a211oi_2      94
     sky130_fd_sc_hd__a21bo_2       66
     sky130_fd_sc_hd__a21boi_2      12
     sky130_fd_sc_hd__a21o_2       246
     sky130_fd_sc_hd__a21oi_2      201
     sky130_fd_sc_hd__a221o_2      710
     sky130_fd_sc_hd__a221oi_2      18
     sky130_fd_sc_hd__a22o_2       950
     sky130_fd_sc_hd__a22oi_2       32
     sky130_fd_sc_hd__a2bb2o_2      19
     sky130_fd_sc_hd__a311o_2        4
     sky130_fd_sc_hd__a311oi_2       2
     sky130_fd_sc_hd__a31o_2       151
     sky130_fd_sc_hd__a31oi_2        8
     sky130_fd_sc_hd__a32o_2        23
     sky130_fd_sc_hd__a32oi_2        1
     sky130_fd_sc_hd__a41o_2         4
     sky130_fd_sc_hd__a41oi_2        1
     sky130_fd_sc_hd__and2_2      2291
     sky130_fd_sc_hd__and2b_2      121
     sky130_fd_sc_hd__and3_2       212
     sky130_fd_sc_hd__and3b_2       19
     sky130_fd_sc_hd__and4_2       133
     sky130_fd_sc_hd__and4b_2       10
     sky130_fd_sc_hd__and4bb_2       8
     sky130_fd_sc_hd__buf_1       9123
     sky130_fd_sc_hd__conb_1         1
     sky130_fd_sc_hd__dfrtp_2     3355
     sky130_fd_sc_hd__dfstp_2     6154
     sky130_fd_sc_hd__dfxtp_2       44
     sky130_fd_sc_hd__inv_2       9572
     sky130_fd_sc_hd__mux2_2       641
     sky130_fd_sc_hd__nand2_2      481
     sky130_fd_sc_hd__nand2b_2       1
     sky130_fd_sc_hd__nand3_2      138
     sky130_fd_sc_hd__nand3b_2       9
     sky130_fd_sc_hd__nand4_2       19
     sky130_fd_sc_hd__nand4b_2       2
     sky130_fd_sc_hd__nor2_2       410
     sky130_fd_sc_hd__nor2b_2        4
     sky130_fd_sc_hd__nor3_2        40
     sky130_fd_sc_hd__nor3b_2       12
     sky130_fd_sc_hd__nor4_2         7
     sky130_fd_sc_hd__nor4b_2        1
     sky130_fd_sc_hd__o2111a_2       1
     sky130_fd_sc_hd__o211a_2       46
     sky130_fd_sc_hd__o211ai_2      50
     sky130_fd_sc_hd__o21a_2       316
     sky130_fd_sc_hd__o21ai_2       80
     sky130_fd_sc_hd__o21ba_2       54
     sky130_fd_sc_hd__o21bai_2      14
     sky130_fd_sc_hd__o221a_2        8
     sky130_fd_sc_hd__o221ai_2       3
     sky130_fd_sc_hd__o22a_2        36
     sky130_fd_sc_hd__o22ai_2        2
     sky130_fd_sc_hd__o2bb2a_2      15
     sky130_fd_sc_hd__o311a_2        4
     sky130_fd_sc_hd__o311ai_2       1
     sky130_fd_sc_hd__o31a_2        29
     sky130_fd_sc_hd__o31ai_2       16
     sky130_fd_sc_hd__o32a_2        57
     sky130_fd_sc_hd__o32ai_2        1
     sky130_fd_sc_hd__o41a_2        13
     sky130_fd_sc_hd__or2_2        208
     sky130_fd_sc_hd__or2b_2        74
     sky130_fd_sc_hd__or3_2        143
     sky130_fd_sc_hd__or3b_2        30
     sky130_fd_sc_hd__or4_2        239
     sky130_fd_sc_hd__or4b_2        38
     sky130_fd_sc_hd__or4bb_2       14
     sky130_fd_sc_hd__xnor2_2      418
     sky130_fd_sc_hd__xor2_2       261

   Chip area for module '\hetero_4core_top': 410986.668800

